CRITICAL - 2022-08-03 00:39:08 --> Undefined variable: students
in APPPATH\Views\edit.php on line 16.
 1 APPPATH\Views\edit.php(16): CodeIgniter\Debug\Exceptions->errorHandler(8, 'Undefined variable: students', 'APPPATH\\Views\\edit.php', 16, [])
 2 SYSTEMPATH\View\View.php(213): include('APPPATH\\Views\\edit.php')
 3 SYSTEMPATH\View\View.php(216): CodeIgniter\View\View->CodeIgniter\View\{closure}()
 4 SYSTEMPATH\Common.php(1135): CodeIgniter\View\View->render('edit', [], true)
 5 APPPATH\Controllers\Home.php(35): view('edit')
 6 SYSTEMPATH\CodeIgniter.php(896): App\Controllers\Home->edit('16')
 7 SYSTEMPATH\CodeIgniter.php(466): CodeIgniter\CodeIgniter->runController(Object(App\Controllers\Home))
 8 SYSTEMPATH\CodeIgniter.php(349): CodeIgniter\CodeIgniter->handleRequest(null, Object(Config\Cache), false)
 9 FCPATH\index.php(55): CodeIgniter\CodeIgniter->run()
10 SYSTEMPATH\Commands\Server\rewrite.php(43): require_once('FCPATH\\index.php')
CRITICAL - 2022-08-03 00:39:51 --> Undefined variable: students
in APPPATH\Views\edit.php on line 20.
 1 APPPATH\Views\edit.php(20): CodeIgniter\Debug\Exceptions->errorHandler(8, 'Undefined variable: students', 'APPPATH\\Views\\edit.php', 20, [])
 2 SYSTEMPATH\View\View.php(213): include('APPPATH\\Views\\edit.php')
 3 SYSTEMPATH\View\View.php(216): CodeIgniter\View\View->CodeIgniter\View\{closure}()
 4 SYSTEMPATH\Common.php(1135): CodeIgniter\View\View->render('edit', [], true)
 5 APPPATH\Controllers\Home.php(35): view('edit')
 6 SYSTEMPATH\CodeIgniter.php(896): App\Controllers\Home->edit('16')
 7 SYSTEMPATH\CodeIgniter.php(466): CodeIgniter\CodeIgniter->runController(Object(App\Controllers\Home))
 8 SYSTEMPATH\CodeIgniter.php(349): CodeIgniter\CodeIgniter->handleRequest(null, Object(Config\Cache), false)
 9 FCPATH\index.php(55): CodeIgniter\CodeIgniter->run()
10 SYSTEMPATH\Commands\Server\rewrite.php(43): require_once('FCPATH\\index.php')
CRITICAL - 2022-08-03 01:15:43 --> syntax error, unexpected '}'
in APPPATH\Models\Students_model.php on line 73.
 1 SYSTEMPATH\Autoloader\Autoloader.php(261): CodeIgniter\Autoloader\Autoloader->includeFile('APPPATH\\Models\\Students_model.php')
 2 SYSTEMPATH\Autoloader\Autoloader.php(239): CodeIgniter\Autoloader\Autoloader->loadInNamespace('App\\Models\\Students_model')
 3 [internal function]: CodeIgniter\Autoloader\Autoloader->loadClass('App\\Models\\Students_model')
 4 [internal function]: spl_autoload_call('App\\Models\\Students_model')
 5 SYSTEMPATH\Config\Factories.php(152): class_exists('App\\Models\\Students_model')
 6 SYSTEMPATH\Config\Factories.php(122): CodeIgniter\Config\Factories::locateClass([...], 'App\\Models\\Students_model')
 7 SYSTEMPATH\Config\Factories.php(83): CodeIgniter\Config\Factories::__callStatic('models', [...])
 8 SYSTEMPATH\Common.php(811): CodeIgniter\Config\Factories::models('App\\Models\\Students_model', [...], null)
 9 APPPATH\Controllers\Home.php(11): model('App\\Models\\Students_model')
10 SYSTEMPATH\CodeIgniter.php(858): App\Controllers\Home->__construct()
11 SYSTEMPATH\CodeIgniter.php(457): CodeIgniter\CodeIgniter->createController()
12 SYSTEMPATH\CodeIgniter.php(349): CodeIgniter\CodeIgniter->handleRequest(null, Object(Config\Cache), false)
13 FCPATH\index.php(55): CodeIgniter\CodeIgniter->run()
14 SYSTEMPATH\Commands\Server\rewrite.php(43): require_once('FCPATH\\index.php')
CRITICAL - 2022-08-03 01:15:54 --> syntax error, unexpected '}'
in APPPATH\Models\Students_model.php on line 73.
 1 SYSTEMPATH\Autoloader\Autoloader.php(261): CodeIgniter\Autoloader\Autoloader->includeFile('APPPATH\\Models\\Students_model.php')
 2 SYSTEMPATH\Autoloader\Autoloader.php(239): CodeIgniter\Autoloader\Autoloader->loadInNamespace('App\\Models\\Students_model')
 3 [internal function]: CodeIgniter\Autoloader\Autoloader->loadClass('App\\Models\\Students_model')
 4 [internal function]: spl_autoload_call('App\\Models\\Students_model')
 5 SYSTEMPATH\Config\Factories.php(152): class_exists('App\\Models\\Students_model')
 6 SYSTEMPATH\Config\Factories.php(122): CodeIgniter\Config\Factories::locateClass([...], 'App\\Models\\Students_model')
 7 SYSTEMPATH\Config\Factories.php(83): CodeIgniter\Config\Factories::__callStatic('models', [...])
 8 SYSTEMPATH\Common.php(811): CodeIgniter\Config\Factories::models('App\\Models\\Students_model', [...], null)
 9 APPPATH\Controllers\Home.php(11): model('App\\Models\\Students_model')
10 SYSTEMPATH\CodeIgniter.php(858): App\Controllers\Home->__construct()
11 SYSTEMPATH\CodeIgniter.php(457): CodeIgniter\CodeIgniter->createController()
12 SYSTEMPATH\CodeIgniter.php(349): CodeIgniter\CodeIgniter->handleRequest(null, Object(Config\Cache), false)
13 FCPATH\index.php(55): CodeIgniter\CodeIgniter->run()
14 SYSTEMPATH\Commands\Server\rewrite.php(43): require_once('FCPATH\\index.php')
